<?xml version="1.0" encoding="UTF-8"?>
<testng-results ignored="0" total="4" passed="4" failed="0" skipped="0">
  <reporter-output>
  </reporter-output>
  <suite started-at="2021-12-21T09:01:39Z" name="Default suite" finished-at="2021-12-21T09:02:15Z" duration-ms="36747">
    <groups>
    </groups>
    <test started-at="2021-12-21T09:01:39Z" name="Default test" finished-at="2021-12-21T09:02:15Z" duration-ms="36747">
      <class name="com.poml.tests.newtours.LoginTest">
        <test-method is-config="true" signature="setUp()[pri:0, instance:com.poml.tests.newtours.LoginTest@73db4768]" started-at="2021-12-21T09:01:39Z" name="setUp" finished-at="2021-12-21T09:01:49Z" duration-ms="10393" status="PASS">
          <reporter-output>
          </reporter-output>
        </test-method> <!-- setUp -->
        <test-method signature="testLogin_user_name_password()[pri:1, instance:com.poml.tests.newtours.LoginTest@73db4768]" started-at="2021-12-21T09:01:49Z" name="testLogin_user_name_password" finished-at="2021-12-21T09:01:52Z" duration-ms="3239" status="PASS">
          <reporter-output>
          </reporter-output>
        </test-method> <!-- testLogin_user_name_password -->
        <test-method signature="verifyPageTitle()[pri:1, instance:com.poml.tests.newtours.LoginTest@73db4768]" started-at="2021-12-21T09:01:52Z" name="verifyPageTitle" finished-at="2021-12-21T09:01:52Z" duration-ms="8" status="PASS">
          <reporter-output>
          </reporter-output>
        </test-method> <!-- verifyPageTitle -->
        <test-method signature="verifyPageTitle_Page_Home_and_got_help_desk_list_page()[pri:1, instance:com.poml.tests.newtours.LoginTest@73db4768]" started-at="2021-12-21T09:01:52Z" name="verifyPageTitle_Page_Home_and_got_help_desk_list_page" finished-at="2021-12-21T09:01:56Z" duration-ms="3996" status="PASS">
          <reporter-output>
          </reporter-output>
        </test-method> <!-- verifyPageTitle_Page_Home_and_got_help_desk_list_page -->
        <test-method signature="verifHelp_desk()[pri:2, instance:com.poml.tests.newtours.LoginTest@73db4768]" started-at="2021-12-21T09:01:56Z" name="verifHelp_desk" finished-at="2021-12-21T09:02:15Z" duration-ms="19084" status="PASS">
          <reporter-output>
          </reporter-output>
        </test-method> <!-- verifHelp_desk -->
        <test-method is-config="true" signature="tearDown()[pri:0, instance:com.poml.tests.newtours.LoginTest@73db4768]" started-at="2021-12-21T09:02:15Z" name="tearDown" finished-at="2021-12-21T09:02:15Z" duration-ms="53" status="PASS">
          <reporter-output>
          </reporter-output>
        </test-method> <!-- tearDown -->
      </class> <!-- com.poml.tests.newtours.LoginTest -->
    </test> <!-- Default test -->
  </suite> <!-- Default suite -->
</testng-results>
